Removed Pin From Net: NetName=SCL Pin=OLED1-3
Removed Pin From Net: NetName=SDA Pin=OLED1-4
Change Component Footprint: Designator=C5 Old Footprint=C0603 New Footprint=CAPC1608X87N-1
Change Component Comment : Designator=BUZ Old Comment=PS1240P02BT New Comment=BUZ9032SMD
Change Component Designator: OldDesignator=C15 NewDesignator=C16
Change Component Designator: OldDesignator=C16 NewDesignator=C15
Added Component: Designator=R18(R0603)
Add component (AddParameter): Name = "Alternate View"; Value = "Yes"; VariantName = "[No Variations]"
Add component (AddParameter): Name = "Application"; Value = ""; VariantName = "[No Variations]"
Add component (AddParameter): Name = "Article Number"; Value = "328011"; VariantName = "[No Variations]"
Add component (AddParameter): Name = "Automotive Qualified"; Value = "No"; VariantName = "[No Variations]"
Add component (AddParameter): Name = "Combined Parameters"; Value = "TCR:0ppm/K;Tol.:-0R/+0R;Vdc:75V;Idc:1A;P:100mW"; VariantName = "[No Variations]"
Add component (AddParameter): Name = "ComponentLink1Description"; Value = "Vendor WebSite"; VariantName = "[No Variations]"
Add component (AddParameter): Name = "ComponentLink1URL"; Value = "http://www.yageo.com/"; VariantName = "[No Variations]"
Add component (AddParameter): Name = "ComponentLink2Description"; Value = "Datasheet"; VariantName = "[No Variations]"
Add component (AddParameter): Name = "ComponentLink2URL"; Value = "http://webnetprod.muc.infineon.com/pcbportal_prod/WorkFlows/AltiumComponent/StandardDocumentation?Versionid=328012"; VariantName = "[No Variations]"
Add component (AddParameter): Name = "Legacy DeviceID"; Value = "RES00000126"; VariantName = "[No Variations]"
Add component (AddParameter): Name = "Legacy PartNumber"; Value = "RES00000126"; VariantName = "[No Variations]"
Add component (AddParameter): Name = "Manufacturer"; Value = "Yageo"; VariantName = "[No Variations]"
Add component (AddParameter): Name = "Manufacturer Component Status"; Value = "Active"; VariantName = "[No Variations]"
Add component (AddParameter): Name = "Manufacturer Order Number"; Value = "RC0603JR-070RL"; VariantName = "[No Variations]"
Add component (AddParameter): Name = "Multiple Parts"; Value = "No"; VariantName = "[No Variations]"
Add component (AddParameter): Name = "Package Description"; Value = ""; VariantName = "[No Variations]"
Add component (AddParameter): Name = "PackageReference"; Value = "0603"; VariantName = "[No Variations]"
Add component (AddParameter): Name = "Part Provision"; Value = ""; VariantName = "[No Variations]"
Add component (AddParameter): Name = "Part Type"; Value = "Resistor"; VariantName = "[No Variations]"
Add component (AddParameter): Name = "PCB Remarks"; Value = ""; VariantName = "[No Variations]"
Add component (AddParameter): Name = "PLMStatus"; Value = "Active"; VariantName = "[No Variations]"
Add component (AddParameter): Name = "RoHS Compliant"; Value = "Y"; VariantName = "[No Variations]"
Add component (AddParameter): Name = "Schematic Remarks"; Value = ""; VariantName = "[No Variations]"
Add component (AddParameter): Name = "Second Source allowed"; Value = "Yes"; VariantName = "[No Variations]"
Add component (AddParameter): Name = "Style"; Value = "Single"; VariantName = "[No Variations]"
Add component (AddParameter): Name = "Supplier 1"; Value = "Farnell"; VariantName = "[No Variations]"
Add component (AddParameter): Name = "Supplier 2"; Value = "DigiKey"; VariantName = "[No Variations]"
Add component (AddParameter): Name = "Supplier 3"; Value = "Mouser"; VariantName = "[No Variations]"
Add component (AddParameter): Name = "Supplier Part Number 1"; Value = "9233130"; VariantName = "[No Variations]"
Add component (AddParameter): Name = "Supplier Part Number 2"; Value = "311-0.0GRTR-ND"; VariantName = "[No Variations]"
Add component (AddParameter): Name = "Supplier Part Number 3"; Value = "603-RC0603JR-070RL"; VariantName = "[No Variations]"
Add component (AddParameter): Name = "Symbol Type"; Value = "Resistor; Single; Standard; 2 Pins"; VariantName = "[No Variations]"
Add component (AddParameter): Name = "Technology"; Value = "Thick Film"; VariantName = "[No Variations]"
Add component (AddParameter): Name = "Temperature max"; Value = "155"; VariantName = "[No Variations]"
Add component (AddParameter): Name = "Temperature min"; Value = "-55"; VariantName = "[No Variations]"
Add component (AddParameter): Name = "Temperature Range"; Value = "Military"; VariantName = "[No Variations]"
Add component (AddParameter): Name = "Tolerance Neg"; Value = "0R"; VariantName = "[No Variations]"
Add component (AddParameter): Name = "Tolerance Pos"; Value = "0R"; VariantName = "[No Variations]"
Add component (AddParameter): Name = "Type"; Value = "Standard"; VariantName = "[No Variations]"
Add component (AddParameter): Name = "Value"; Value = "0R"; VariantName = "[No Variations]"
Add component (AddParameter): Name = "Version Number"; Value = "V01"; VariantName = "[No Variations]"
Add component (AddParameter): Name = "Voltage DC (max)"; Value = "75V"; VariantName = "[No Variations]"
Added Component: Designator=R19(R0603)
Add component (AddParameter): Name = "Alternate View"; Value = "Yes"; VariantName = "[No Variations]"
Add component (AddParameter): Name = "Application"; Value = ""; VariantName = "[No Variations]"
Add component (AddParameter): Name = "Article Number"; Value = "328011"; VariantName = "[No Variations]"
Add component (AddParameter): Name = "Automotive Qualified"; Value = "No"; VariantName = "[No Variations]"
Add component (AddParameter): Name = "Combined Parameters"; Value = "TCR:0ppm/K;Tol.:-0R/+0R;Vdc:75V;Idc:1A;P:100mW"; VariantName = "[No Variations]"
Add component (AddParameter): Name = "ComponentLink1Description"; Value = "Vendor WebSite"; VariantName = "[No Variations]"
Add component (AddParameter): Name = "ComponentLink1URL"; Value = "http://www.yageo.com/"; VariantName = "[No Variations]"
Add component (AddParameter): Name = "ComponentLink2Description"; Value = "Datasheet"; VariantName = "[No Variations]"
Add component (AddParameter): Name = "ComponentLink2URL"; Value = "http://webnetprod.muc.infineon.com/pcbportal_prod/WorkFlows/AltiumComponent/StandardDocumentation?Versionid=328012"; VariantName = "[No Variations]"
Add component (AddParameter): Name = "Legacy DeviceID"; Value = "RES00000126"; VariantName = "[No Variations]"
Add component (AddParameter): Name = "Legacy PartNumber"; Value = "RES00000126"; VariantName = "[No Variations]"
Add component (AddParameter): Name = "Manufacturer"; Value = "Yageo"; VariantName = "[No Variations]"
Add component (AddParameter): Name = "Manufacturer Component Status"; Value = "Active"; VariantName = "[No Variations]"
Add component (AddParameter): Name = "Manufacturer Order Number"; Value = "RC0603JR-070RL"; VariantName = "[No Variations]"
Add component (AddParameter): Name = "Multiple Parts"; Value = "No"; VariantName = "[No Variations]"
Add component (AddParameter): Name = "Package Description"; Value = ""; VariantName = "[No Variations]"
Add component (AddParameter): Name = "PackageReference"; Value = "0603"; VariantName = "[No Variations]"
Add component (AddParameter): Name = "Part Provision"; Value = ""; VariantName = "[No Variations]"
Add component (AddParameter): Name = "Part Type"; Value = "Resistor"; VariantName = "[No Variations]"
Add component (AddParameter): Name = "PCB Remarks"; Value = ""; VariantName = "[No Variations]"
Add component (AddParameter): Name = "PLMStatus"; Value = "Active"; VariantName = "[No Variations]"
Add component (AddParameter): Name = "RoHS Compliant"; Value = "Y"; VariantName = "[No Variations]"
Add component (AddParameter): Name = "Schematic Remarks"; Value = ""; VariantName = "[No Variations]"
Add component (AddParameter): Name = "Second Source allowed"; Value = "Yes"; VariantName = "[No Variations]"
Add component (AddParameter): Name = "Style"; Value = "Single"; VariantName = "[No Variations]"
Add component (AddParameter): Name = "Supplier 1"; Value = "Farnell"; VariantName = "[No Variations]"
Add component (AddParameter): Name = "Supplier 2"; Value = "DigiKey"; VariantName = "[No Variations]"
Add component (AddParameter): Name = "Supplier 3"; Value = "Mouser"; VariantName = "[No Variations]"
Add component (AddParameter): Name = "Supplier Part Number 1"; Value = "9233130"; VariantName = "[No Variations]"
Add component (AddParameter): Name = "Supplier Part Number 2"; Value = "311-0.0GRTR-ND"; VariantName = "[No Variations]"
Add component (AddParameter): Name = "Supplier Part Number 3"; Value = "603-RC0603JR-070RL"; VariantName = "[No Variations]"
Add component (AddParameter): Name = "Symbol Type"; Value = "Resistor; Single; Standard; 2 Pins"; VariantName = "[No Variations]"
Add component (AddParameter): Name = "Technology"; Value = "Thick Film"; VariantName = "[No Variations]"
Add component (AddParameter): Name = "Temperature max"; Value = "155"; VariantName = "[No Variations]"
Add component (AddParameter): Name = "Temperature min"; Value = "-55"; VariantName = "[No Variations]"
Add component (AddParameter): Name = "Temperature Range"; Value = "Military"; VariantName = "[No Variations]"
Add component (AddParameter): Name = "Tolerance Neg"; Value = "0R"; VariantName = "[No Variations]"
Add component (AddParameter): Name = "Tolerance Pos"; Value = "0R"; VariantName = "[No Variations]"
Add component (AddParameter): Name = "Type"; Value = "Standard"; VariantName = "[No Variations]"
Add component (AddParameter): Name = "Value"; Value = "0R"; VariantName = "[No Variations]"
Add component (AddParameter): Name = "Version Number"; Value = "V01"; VariantName = "[No Variations]"
Add component (AddParameter): Name = "Voltage DC (max)"; Value = "75V"; VariantName = "[No Variations]"
Added Component: Designator=R20(R0603)
Add component (AddParameter): Name = "Alternate View"; Value = "Yes"; VariantName = "[No Variations]"
Add component (AddParameter): Name = "Application"; Value = ""; VariantName = "[No Variations]"
Add component (AddParameter): Name = "Article Number"; Value = "327846"; VariantName = "[No Variations]"
Add component (AddParameter): Name = "Automotive Qualified"; Value = "No"; VariantName = "[No Variations]"
Add component (AddParameter): Name = "Combined Parameters"; Value = "TCR:100ppm/K;Tol.:-1%/+1%;Vdc:75V;Idc:-;P:100mW"; VariantName = "[No Variations]"
Add component (AddParameter): Name = "ComponentLink1Description"; Value = "Vendor WebSite"; VariantName = "[No Variations]"
Add component (AddParameter): Name = "ComponentLink1URL"; Value = "http://www.yageo.com/"; VariantName = "[No Variations]"
Add component (AddParameter): Name = "ComponentLink2Description"; Value = "Datasheet"; VariantName = "[No Variations]"
Add component (AddParameter): Name = "ComponentLink2URL"; Value = "http://webnetprod.muc.infineon.com/PCBPortal_Prod/WorkFlows/AltiumComponent/StandardDocumentation?Versionid=327847"; VariantName = "[No Variations]"
Add component (AddParameter): Name = "ComponentStatus"; Value = "Released"; VariantName = "[No Variations]"
Add component (AddParameter): Name = "Legacy DeviceID"; Value = "RES00000093"; VariantName = "[No Variations]"
Add component (AddParameter): Name = "Legacy PartNumber"; Value = "RES00000093"; VariantName = "[No Variations]"
Add component (AddParameter): Name = "Manufacturer"; Value = "Yageo"; VariantName = "[No Variations]"
Add component (AddParameter): Name = "Manufacturer Order Number"; Value = "RC0603FR-072K2L"; VariantName = "[No Variations]"
Add component (AddParameter): Name = "Multiple Parts"; Value = "No"; VariantName = "[No Variations]"
Add component (AddParameter): Name = "Package Description"; Value = ""; VariantName = "[No Variations]"
Add component (AddParameter): Name = "Package Imperial"; Value = "0603"; VariantName = "[No Variations]"
Add component (AddParameter): Name = "Package Metric"; Value = "1608"; VariantName = "[No Variations]"
Add component (AddParameter): Name = "PackageReference"; Value = "0603 (1608)"; VariantName = "[No Variations]"
Add component (AddParameter): Name = "Part Provision"; Value = ""; VariantName = "[No Variations]"
Add component (AddParameter): Name = "Part Type"; Value = "Resistor"; VariantName = "[No Variations]"
Add component (AddParameter): Name = "PCB Remarks"; Value = ""; VariantName = "[No Variations]"
Add component (AddParameter): Name = "PLMStatus"; Value = "Active"; VariantName = "[No Variations]"
Add component (AddParameter): Name = "QuickPick"; Value = "2.2k / 1% / 0.1 / 0603 (1608)"; VariantName = "[No Variations]"
Add component (AddParameter): Name = "ROHS Compliant"; Value = "Y"; VariantName = "[No Variations]"
Add component (AddParameter): Name = "Schematic Remarks"; Value = ""; VariantName = "[No Variations]"
Add component (AddParameter): Name = "Second Source allowed"; Value = "Yes"; VariantName = "[No Variations]"
Add component (AddParameter): Name = "Style"; Value = "Single"; VariantName = "[No Variations]"
Add component (AddParameter): Name = "Supplier 1"; Value = "Farnell"; VariantName = "[No Variations]"
Add component (AddParameter): Name = "Supplier 2"; Value = "DigiKey"; VariantName = "[No Variations]"
Add component (AddParameter): Name = "Supplier 3"; Value = "Mouser"; VariantName = "[No Variations]"
Add component (AddParameter): Name = "Supplier Part Number 1"; Value = "9238522"; VariantName = "[No Variations]"
Add component (AddParameter): Name = "Supplier Part Number 2"; Value = "311-2.20KHRTR-ND"; VariantName = "[No Variations]"
Add component (AddParameter): Name = "Supplier Part Number 3"; Value = "603-RC0603FR-072K2L"; VariantName = "[No Variations]"
Add component (AddParameter): Name = "Symbol Type"; Value = "Resistor; Single; Standard; 2 Pins"; VariantName = "[No Variations]"
Add component (AddParameter): Name = "Technology"; Value = "Thick Film"; VariantName = "[No Variations]"
Add component (AddParameter): Name = "Temperature max"; Value = "155"; VariantName = "[No Variations]"
Add component (AddParameter): Name = "Temperature min"; Value = "-55"; VariantName = "[No Variations]"
Add component (AddParameter): Name = "Temperature Range"; Value = "Military"; VariantName = "[No Variations]"
Add component (AddParameter): Name = "Tolerance Neg"; Value = "1%"; VariantName = "[No Variations]"
Add component (AddParameter): Name = "Tolerance Pos"; Value = "1%"; VariantName = "[No Variations]"
Add component (AddParameter): Name = "Type"; Value = "Standard"; VariantName = "[No Variations]"
Add component (AddParameter): Name = "Value"; Value = "2.2k"; VariantName = "[No Variations]"
Add component (AddParameter): Name = "Version Number"; Value = "V01"; VariantName = "[No Variations]"
Add component (AddParameter): Name = "Voltage DC (max)"; Value = "75V"; VariantName = "[No Variations]"
Added Component: Designator=R21(R0603)
Add component (AddParameter): Name = "Alternate View"; Value = "Yes"; VariantName = "[No Variations]"
Add component (AddParameter): Name = "Application"; Value = ""; VariantName = "[No Variations]"
Add component (AddParameter): Name = "Article Number"; Value = "327846"; VariantName = "[No Variations]"
Add component (AddParameter): Name = "Automotive Qualified"; Value = "No"; VariantName = "[No Variations]"
Add component (AddParameter): Name = "Combined Parameters"; Value = "TCR:100ppm/K;Tol.:-1%/+1%;Vdc:75V;Idc:-;P:100mW"; VariantName = "[No Variations]"
Add component (AddParameter): Name = "ComponentLink1Description"; Value = "Vendor WebSite"; VariantName = "[No Variations]"
Add component (AddParameter): Name = "ComponentLink1URL"; Value = "http://www.yageo.com/"; VariantName = "[No Variations]"
Add component (AddParameter): Name = "ComponentLink2Description"; Value = "Datasheet"; VariantName = "[No Variations]"
Add component (AddParameter): Name = "ComponentLink2URL"; Value = "http://webnetprod.muc.infineon.com/PCBPortal_Prod/WorkFlows/AltiumComponent/StandardDocumentation?Versionid=327847"; VariantName = "[No Variations]"
Add component (AddParameter): Name = "ComponentStatus"; Value = "Released"; VariantName = "[No Variations]"
Add component (AddParameter): Name = "Legacy DeviceID"; Value = "RES00000093"; VariantName = "[No Variations]"
Add component (AddParameter): Name = "Legacy PartNumber"; Value = "RES00000093"; VariantName = "[No Variations]"
Add component (AddParameter): Name = "Manufacturer"; Value = "Yageo"; VariantName = "[No Variations]"
Add component (AddParameter): Name = "Manufacturer Order Number"; Value = "RC0603FR-072K2L"; VariantName = "[No Variations]"
Add component (AddParameter): Name = "Multiple Parts"; Value = "No"; VariantName = "[No Variations]"
Add component (AddParameter): Name = "Package Description"; Value = ""; VariantName = "[No Variations]"
Add component (AddParameter): Name = "Package Imperial"; Value = "0603"; VariantName = "[No Variations]"
Add component (AddParameter): Name = "Package Metric"; Value = "1608"; VariantName = "[No Variations]"
Add component (AddParameter): Name = "PackageReference"; Value = "0603 (1608)"; VariantName = "[No Variations]"
Add component (AddParameter): Name = "Part Provision"; Value = ""; VariantName = "[No Variations]"
Add component (AddParameter): Name = "Part Type"; Value = "Resistor"; VariantName = "[No Variations]"
Add component (AddParameter): Name = "PCB Remarks"; Value = ""; VariantName = "[No Variations]"
Add component (AddParameter): Name = "PLMStatus"; Value = "Active"; VariantName = "[No Variations]"
Add component (AddParameter): Name = "QuickPick"; Value = "2.2k / 1% / 0.1 / 0603 (1608)"; VariantName = "[No Variations]"
Add component (AddParameter): Name = "ROHS Compliant"; Value = "Y"; VariantName = "[No Variations]"
Add component (AddParameter): Name = "Schematic Remarks"; Value = ""; VariantName = "[No Variations]"
Add component (AddParameter): Name = "Second Source allowed"; Value = "Yes"; VariantName = "[No Variations]"
Add component (AddParameter): Name = "Style"; Value = "Single"; VariantName = "[No Variations]"
Add component (AddParameter): Name = "Supplier 1"; Value = "Farnell"; VariantName = "[No Variations]"
Add component (AddParameter): Name = "Supplier 2"; Value = "DigiKey"; VariantName = "[No Variations]"
Add component (AddParameter): Name = "Supplier 3"; Value = "Mouser"; VariantName = "[No Variations]"
Add component (AddParameter): Name = "Supplier Part Number 1"; Value = "9238522"; VariantName = "[No Variations]"
Add component (AddParameter): Name = "Supplier Part Number 2"; Value = "311-2.20KHRTR-ND"; VariantName = "[No Variations]"
Add component (AddParameter): Name = "Supplier Part Number 3"; Value = "603-RC0603FR-072K2L"; VariantName = "[No Variations]"
Add component (AddParameter): Name = "Symbol Type"; Value = "Resistor; Single; Standard; 2 Pins"; VariantName = "[No Variations]"
Add component (AddParameter): Name = "Technology"; Value = "Thick Film"; VariantName = "[No Variations]"
Add component (AddParameter): Name = "Temperature max"; Value = "155"; VariantName = "[No Variations]"
Add component (AddParameter): Name = "Temperature min"; Value = "-55"; VariantName = "[No Variations]"
Add component (AddParameter): Name = "Temperature Range"; Value = "Military"; VariantName = "[No Variations]"
Add component (AddParameter): Name = "Tolerance Neg"; Value = "1%"; VariantName = "[No Variations]"
Add component (AddParameter): Name = "Tolerance Pos"; Value = "1%"; VariantName = "[No Variations]"
Add component (AddParameter): Name = "Type"; Value = "Standard"; VariantName = "[No Variations]"
Add component (AddParameter): Name = "Value"; Value = "2.2k"; VariantName = "[No Variations]"
Add component (AddParameter): Name = "Version Number"; Value = "V01"; VariantName = "[No Variations]"
Add component (AddParameter): Name = "Voltage DC (max)"; Value = "75V"; VariantName = "[No Variations]"
Added Component: Designator=SPARE(CON-THT-2.54-3-1-8.38)
Add component (AddParameter): Name = "Application"; Value = ""; VariantName = "[No Variations]"
Add component (AddParameter): Name = "Article Number"; Value = "375892"; VariantName = "[No Variations]"
Add component (AddParameter): Name = "Automotive Qualified"; Value = "No"; VariantName = "[No Variations]"
Add component (AddParameter): Name = "Combined Parameters"; Value = "Board-to-Board Header (male);3x1;Mounting:THT;Orient:0° (vertical);Shielded:No"; VariantName = "[No Variations]"
Add component (AddParameter): Name = "ComponentLink1Description"; Value = "Vendor WebSite"; VariantName = "[No Variations]"
Add component (AddParameter): Name = "ComponentLink1URL"; Value = "http://www.samtec.com/"; VariantName = "[No Variations]"
Add component (AddParameter): Name = "ComponentLink2Description"; Value = "Datasheet"; VariantName = "[No Variations]"
Add component (AddParameter): Name = "ComponentLink2URL"; Value = "http://webnetprod.muc.infineon.com/PCBPortal_Prod/WorkFlows/AltiumComponent/StandardDocumentation?Versionid=375893"; VariantName = "[No Variations]"
Add component (AddParameter): Name = "ComponentStatus"; Value = "Released"; VariantName = "[No Variations]"
Add component (AddParameter): Name = "Legacy DeviceID"; Value = "SAM_HTSW-103-07-G-S"; VariantName = "[No Variations]"
Add component (AddParameter): Name = "Legacy PartNumber"; Value = "CON00000054"; VariantName = "[No Variations]"
Add component (AddParameter): Name = "Manufacturer"; Value = "Samtec"; VariantName = "[No Variations]"
Add component (AddParameter): Name = "Manufacturer Order Number"; Value = "HTSW-103-07-G-S"; VariantName = "[No Variations]"
Add component (AddParameter): Name = "Package Description"; Value = "Header,vertical,2.54mm pitch;0.64mm lead width,3 pins,1 row,3 pins per row,7.62mm L X 2.48mm W X 8.38mm H body"; VariantName = "[No Variations]"
Add component (AddParameter): Name = "Package Imperial"; Value = ""; VariantName = "[No Variations]"
Add component (AddParameter): Name = "Package Metric"; Value = ""; VariantName = "[No Variations]"
Add component (AddParameter): Name = "PackageReference"; Value = ""; VariantName = "[No Variations]"
Add component (AddParameter): Name = "Part Provision"; Value = ""; VariantName = "[No Variations]"
Add component (AddParameter): Name = "Part Type"; Value = "Connector"; VariantName = "[No Variations]"
Add component (AddParameter): Name = "PCB Remarks"; Value = ""; VariantName = "[No Variations]"
Add component (AddParameter): Name = "PLMStatus"; Value = "Active"; VariantName = "[No Variations]"
Add component (AddParameter): Name = "QuickPick"; Value = "0° (vertical) / Board-to-Board"; VariantName = "[No Variations]"
Add component (AddParameter): Name = "ROHS Compliant"; Value = "Y"; VariantName = "[No Variations]"
Add component (AddParameter): Name = "Schematic Remarks"; Value = ""; VariantName = "[No Variations]"
Add component (AddParameter): Name = "Second Source allowed"; Value = "Yes"; VariantName = "[No Variations]"
Add component (AddParameter): Name = "Style"; Value = "Strip"; VariantName = "[No Variations]"
Add component (AddParameter): Name = "Supplier 1"; Value = "Farnell"; VariantName = "[No Variations]"
Add component (AddParameter): Name = "Supplier 2"; Value = "DigiKey"; VariantName = "[No Variations]"
Add component (AddParameter): Name = "Supplier 3"; Value = "Mouser"; VariantName = "[No Variations]"
Add component (AddParameter): Name = "Supplier Part Number 1"; Value = "1925743"; VariantName = "[No Variations]"
Add component (AddParameter): Name = "Supplier Part Number 2"; Value = "SAM8814-ND"; VariantName = "[No Variations]"
Add component (AddParameter): Name = "Supplier Part Number 3"; Value = ""; VariantName = "[No Variations]"
Add component (AddParameter): Name = "Technology"; Value = ""; VariantName = "[No Variations]"
Add component (AddParameter): Name = "Temperature max"; Value = "125"; VariantName = "[No Variations]"
Add component (AddParameter): Name = "Temperature min"; Value = "-55"; VariantName = "[No Variations]"
Add component (AddParameter): Name = "Temperature Range"; Value = "Military"; VariantName = "[No Variations]"
Add component (AddParameter): Name = "Tolerance Neg"; Value = ""; VariantName = "[No Variations]"
Add component (AddParameter): Name = "Tolerance Pos"; Value = ""; VariantName = "[No Variations]"
Add component (AddParameter): Name = "Type"; Value = "Board-to-Board"; VariantName = "[No Variations]"
Add component (AddParameter): Name = "Value"; Value = "HTSW-103-07-G-S"; VariantName = "[No Variations]"
Add component (AddParameter): Name = "Version Number"; Value = "V01"; VariantName = "[No Variations]"
Add component (AddParameter): Name = "Voltage DC (max)"; Value = "na"; VariantName = "[No Variations]"
Added Pin To Net: NetName=3V3 Pin=R20-2
Added Pin To Net: NetName=3V3 Pin=R21-2
Added Pin To Net: NetName=PWM19 Pin=SPARE-1
Added Pin To Net: NetName=D15 Pin=SPARE-2
Added Pin To Net: NetName=D15 Pin=U1-3
Added Net: Name=D15
Added Pin To Net: NetName=D35 Pin=SPARE-3
Added Pin To Net: NetName=D35 Pin=U1-20
Added Net: Name=D35
Added Pin To Net: NetName=NetOLED1_3 Pin=OLED1-3
Added Pin To Net: NetName=NetOLED1_3 Pin=R19-2
Added Net: Name=NetOLED1_3
Added Pin To Net: NetName=NetOLED1_4 Pin=OLED1-4
Added Pin To Net: NetName=NetOLED1_4 Pin=R18-2
Added Net: Name=NetOLED1_4
Added Pin To Net: NetName=SCL1 Pin=R19-1
Added Pin To Net: NetName=SCL1 Pin=R20-1
Added Pin To Net: NetName=SCL1 Pin=U1-21
Added Net: Name=SCL1
Added Pin To Net: NetName=SDA1 Pin=R18-1
Added Pin To Net: NetName=SDA1 Pin=R21-1
Added Pin To Net: NetName=SDA1 Pin=U1-22
Added Net: Name=SDA1
Added Member To Class: ClassName=slotESCsmall_S02 Member=Component C5 1uF
Added Member To Class: ClassName=slotESCsmall_S02 Member=Component C11 100nF
Added Member To Class: ClassName=slotESCsmall_S02 Member=Component C12 100nF
Added Member To Class: ClassName=slotESCsmall_S02 Member=Component R18 0R
Added Member To Class: ClassName=slotESCsmall_S02 Member=Component R19 0R
Added Member To Class: ClassName=slotESCsmall_S02 Member=Component R20 2.2k
Added Member To Class: ClassName=slotESCsmall_S02 Member=Component R21 2.2k
Added Member To Class: ClassName=slotESCsmall_S02 Member=Component SPARE HTSW-103-07-G-S
